<?xml version="1.0" encoding="UTF-8"?>
<testsuite name="pl.pawel.MainTest" tests="1" skipped="0" failures="0" errors="0" timestamp="2015-06-19T09:24:23" hostname="c50906" time="0.341">
  <properties/>
  <testcase name="mainTest" classname="pl.pawel.MainTest" time="0.341"/>
  <system-out><![CDATA[]]></system-out>
  <system-err><![CDATA[cze 19, 2015 11:24:23 AM org.xnio.Xnio <clinit>
INFO: XNIO version 3.3.1.Final
cze 19, 2015 11:24:23 AM org.xnio.nio.NioXnio <clinit>
INFO: XNIO NIO Implementation Version 3.3.1.Final
HELLLO WORLD from 8080!!!!!!!!!!!!!!!!!!!!!!!!!!!!!!!!!!!!!
HELLLO WORLD from 14192!!!!!!!!!!!!!!!!!!!!!!!!!!!!!!!!!!!!!
]]></system-err>
</testsuite>
